<?xml version="1.0" encoding="UTF-8"?>
<!-- Generated by org.testng.reporters.JUnitReportReporter -->
<testsuite hostname="sadepu" failures="0" tests="1" name="Testcases.VerifyPolicyTradeHome" time="14.386" errors="0" timestamp="2023-01-07T23:54:02 IST" skipped="0">
  <testcase classname="Testcases.VerifyPolicyTradeHome" name="verifyHome" time="14.386"/>
  <system-out>
    <![CDATA[Banner Home is Visible in Home Page
Popup is displayed with Connect To Wallet is Visible in Home Page
Min.Locker Amount   100 USDC is Visible in Home Page
Current Pool Liquidity data is Visible in Home Page
Fixed APR   6% is Visible in Home Page
Total Polytrade Deposits   $1,461,788.04 is Visible in Home Page
Total Invoices Funded $2,337,883.65 is Visible in Home Page]]>
  </system-out>
</testsuite> <!-- Testcases.VerifyPolicyTradeHome -->
