<?xml version="1.0" encoding="UTF-8"?>
<!-- Generated by org.testng.reporters.JUnitReportReporter -->
<testsuite hostname="sadepu" failures="0" tests="1" name="Testcases.VerifyWorldofTSpice" time="2.279" errors="0" timestamp="2023-01-07T23:54:02 IST" skipped="0">
  <testcase classname="Testcases.VerifyWorldofTSpice" name="verifyWorldofTspice" time="2.279"/>
  <system-out>
    <![CDATA[Banner World of Spice is Visible in World of Tspice Page]]>
  </system-out>
</testsuite> <!-- Testcases.VerifyWorldofTSpice -->
